Arguments: 
  C:\Program Files\nodejs\node.exe C:\Users\Chermarey\AppData\Roaming\npm\node_modules\yarn\bin\yarn.js install

PATH: 
  C:\Windows\system32;C:\Windows;C:\Windows\System32\Wbem;C:\Windows\System32\WindowsPowerShell\v1.0\;C:\Users\Chermarey\AppData\Local\Programs\Microsoft VS Code\bin\;C:\Program Files\nodejs;C:\Program Files\Git\bin\;C:\Users\Chermarey\AppData\Local\Android\Sdk\tools;C:\Users\Chermarey\AppData\Local\Android\Sdk/platform-tools;C:\Gradle\gradle-6.8.1\bin;C:\Users\Chermarey\AppData\Local\Programs\Python\Python38-32\Scripts\;C:\Users\Chermarey\AppData\Local\Programs\Python\Python38-32\;C:\Users\Chermarey\AppData\Roaming\npm;C:\adb;C:\Users\Chermarey\AppData\Local\Programs\Python\Python38-32\Scripts\;C:\Users\Chermarey\AppData\Local\Programs\Python\Python38-32\;C:\Users\Chermarey\AppData\Local\Programs\Microsoft VS Code\bin;C:\Users\Chermarey\AppData\Roaming\npm

Yarn version: 
  1.22.10

Node version: 
  12.18.3

Platform: 
  win32 x64

Trace: 
  Error: connect ECONNREFUSED 127.0.0.1:443
      at TCPConnectWrap.afterConnect [as oncomplete] (net.js:1141:16)

npm manifest: 
  {
    "main": "node_modules/expo/AppEntry.js",
    "scripts": {
      "start": "expo start",
      "android": "expo start --android",
      "ios": "expo start --ios",
      "web": "expo start --web",
      "eject": "expo eject"
    },
    "dependencies": {
      "expo": "~40.0.0",
      "expo-status-bar": "~1.0.3",
      "react": "16.13.1",
      "react-dom": "16.13.1",
      "react-native": "https://github.com/expo/react-native/archive/sdk-40.0.1.tar.gz",
      "react-native-web": "~0.13.12"
    },
    "devDependencies": {
      "@babel/core": "~7.9.0",
      "@types/react": "~16.9.35",
      "@types/react-dom": "~16.9.8",
      "@types/react-native": "~0.63.2",
      "typescript": "~4.0.0"
    },
    "private": true
  }

yarn manifest: 
  No manifest

Lockfile: 
  No lockfile
